Arguments: 
  C:\Program Files\nodejs\node.exe C:\Program Files (x86)\Yarn\bin\yarn.js init --y

PATH: 
  C:\Windows\system32;C:\Windows;C:\Windows\System32\Wbem;C:\Windows\System32\WindowsPowerShell\v1.0\;C:\Windows\System32\OpenSSH\;C:\ProgramData\chocolatey\bin;C:\Program Files\Git\cmd;C:\Program Files\nodejs\;C:\Program Files\OpenJDK\openjdk-8u275-b01\bin;C:\Program Files (x86)\Yarn\bin\;C:\Program Files\Amazon\AWSCLIV2\;C:\Users\leona\AppData\Local\Programs\Python\Python39\Scripts\;C:\Users\leona\AppData\Local\Programs\Python\Python39\;C:\Users\leona\AppData\Local\Microsoft\WindowsApps;C:\Users\leona\AppData\Roaming\npm;C:\Users\leona\AppData\Local\Yarn\bin;C:\Users\leona\AppData\Local\Android\Sdk\platform-tools;C:\Users\leona\AppData\Local\Programs\Microsoft VS Code\bin;C:\Users\leona\AppData\Local\hyper\app-3.0.2\resources\bin;C:\flutter\bin;

Yarn version: 
  1.22.5

Node version: 
  15.5.0

Platform: 
  win32 x64

Trace: 
  Error: canceled
      at Interface.<anonymous> (C:\Program Files (x86)\Yarn\lib\cli.js:137009:13)
      at Interface.emit (node:events:376:20)
      at Interface._ttyWrite (node:readline:909:16)
      at ReadStream.onkeypress (node:readline:234:10)
      at ReadStream.emit (node:events:376:20)
      at emitKeys (node:internal/readline/utils:358:14)
      at emitKeys.next (<anonymous>)
      at ReadStream.onData (node:readline:1178:36)
      at ReadStream.emit (node:events:376:20)
      at addChunk (node:internal/streams/readable:311:12)

npm manifest: 
  No manifest

yarn manifest: 
  No manifest

Lockfile: 
  No lockfile
